<?xml version="1.0" encoding="UTF-8"?>
<!-- Generated by org.testng.reporters.JUnitReportReporter -->
<testsuite hostname="ReddyAvutala-PC" failures="0" tests="1" name="TestNgProject1.AnithaMavenEclipseProject.Testcase4_Flight_RoundTrip" time="22.148" errors="0" timestamp="4 Oct 2018 12:55:37 GMT">
  <testcase classname="TestNgProject1.AnithaMavenEclipseProject.Testcase4_Flight_RoundTrip" name="roundTrip" time="22.148"/>
</testsuite> <!-- TestNgProject1.AnithaMavenEclipseProject.Testcase4_Flight_RoundTrip -->
