<?xml version="1.0" encoding="UTF-8"?>
<!-- Generated by org.testng.reporters.JUnitReportReporter -->
<testsuite hostname="ReddyAvutala-PC" failures="0" tests="1" name="TestNgProject1.AnithaMavenEclipseProject.Testcas3_Flight" time="21.628" errors="0" timestamp="4 Oct 2018 12:44:46 GMT">
  <testcase classname="TestNgProject1.AnithaMavenEclipseProject.Testcas3_Flight" name="flight" time="21.628"/>
</testsuite> <!-- TestNgProject1.AnithaMavenEclipseProject.Testcas3_Flight -->
