<?xml version="1.0" encoding="UTF-8"?>
<!-- Generated by org.testng.reporters.JUnitReportReporter -->
<testsuite hostname="ReddyAvutala-PC" failures="0" tests="1" name="TestNgProject1.AnithaMavenEclipseProject.TestCase1_Demo" time="26.177" errors="0" timestamp="24 Sep 2018 16:33:23 GMT">
  <testcase classname="TestNgProject1.AnithaMavenEclipseProject.TestCase1_Demo" name="verifyLink" time="26.177"/>
</testsuite> <!-- TestNgProject1.AnithaMavenEclipseProject.TestCase1_Demo -->
