<?xml version="1.0" encoding="UTF-8"?>
<!-- Generated by org.testng.reporters.JUnitReportReporter -->
<testsuite hostname="ReddyAvutala-PC" failures="0" tests="1" name="TestNgProject1.AnithaMavenEclipseProject.Testcase2_Register" time="30.142" errors="0" timestamp="4 Oct 2018 12:41:31 GMT">
  <testcase classname="TestNgProject1.AnithaMavenEclipseProject.Testcase2_Register" name="registerPage" time="30.142"/>
</testsuite> <!-- TestNgProject1.AnithaMavenEclipseProject.Testcase2_Register -->
